INFO 2024-10-02 13:22:31,315 basehttp "POST /router/accounts/ HTTP/1.1" 201 14125
INFO 2024-10-02 13:22:58,335 basehttp "POST /router/accounts/ HTTP/1.1" 201 14125
INFO 2024-10-02 13:22:58,899 basehttp "POST /router/accounts/ HTTP/1.1" 201 14125
INFO 2024-10-02 13:22:59,490 basehttp "POST /router/accounts/ HTTP/1.1" 201 14125
INFO 2024-10-02 13:22:59,743 basehttp "POST /router/accounts/ HTTP/1.1" 201 14125
INFO 2024-10-02 13:23:03,008 basehttp "POST /router/accounts/ HTTP/1.1" 201 14125
INFO 2024-10-02 13:23:03,449 basehttp "POST /router/accounts/ HTTP/1.1" 201 14125
INFO 2024-10-02 13:23:03,744 basehttp "POST /router/accounts/ HTTP/1.1" 201 14125
INFO 2024-10-02 13:23:03,955 basehttp "POST /router/accounts/ HTTP/1.1" 201 14125
INFO 2024-10-02 13:23:04,157 basehttp "POST /router/accounts/ HTTP/1.1" 201 14125
INFO 2024-10-02 13:23:04,351 basehttp "POST /router/accounts/ HTTP/1.1" 201 14125
INFO 2024-10-02 13:23:04,544 basehttp "POST /router/accounts/ HTTP/1.1" 201 14125
INFO 2024-10-02 13:23:04,733 basehttp "POST /router/accounts/ HTTP/1.1" 201 14125
INFO 2024-10-02 13:23:04,941 basehttp "POST /router/accounts/ HTTP/1.1" 201 14125
INFO 2024-10-02 13:23:05,211 basehttp "POST /router/accounts/ HTTP/1.1" 201 14125
INFO 2024-10-02 13:23:05,381 basehttp "POST /router/accounts/ HTTP/1.1" 201 14125
INFO 2024-10-02 13:23:05,551 basehttp "POST /router/accounts/ HTTP/1.1" 201 14125
WARNING 2024-10-02 14:18:39,249 basehttp "GET /dfgf HTTP/1.1" 404 11817
INFO 2024-10-03 12:58:12,593 basehttp "GET / HTTP/1.1" 200 10719
INFO 2024-10-03 12:58:13,684 basehttp "GET /static/rest_framework/css/prettify.css HTTP/1.1" 200 817
INFO 2024-10-03 12:58:14,183 basehttp "GET /static/rest_framework/js/ajax-form.js HTTP/1.1" 200 3796
INFO 2024-10-03 12:58:14,184 basehttp "GET /static/rest_framework/css/bootstrap.min.css HTTP/1.1" 200 121457
INFO 2024-10-03 12:58:14,223 basehttp "GET /static/rest_framework/css/bootstrap-tweaks.css HTTP/1.1" 200 3426
INFO 2024-10-03 12:58:14,228 basehttp "GET /static/rest_framework/css/default.css HTTP/1.1" 200 1152
INFO 2024-10-03 12:58:14,294 basehttp "GET /static/rest_framework/js/csrf.js HTTP/1.1" 200 1793
INFO 2024-10-03 12:58:14,346 basehttp "GET /static/rest_framework/js/load-ajax-form.js HTTP/1.1" 200 59
INFO 2024-10-03 12:58:14,362 basehttp "GET /static/rest_framework/js/prettify-min.js HTTP/1.1" 200 13632
INFO 2024-10-03 12:58:14,365 basehttp "GET /static/rest_framework/js/default.js HTTP/1.1" 200 1268
INFO 2024-10-03 12:58:14,398 basehttp "GET /static/rest_framework/js/bootstrap.min.js HTTP/1.1" 200 39680
INFO 2024-10-03 12:58:14,451 basehttp "GET /static/rest_framework/js/jquery-3.7.1.min.js HTTP/1.1" 200 87533
INFO 2024-10-03 12:58:14,474 basehttp "GET /static/rest_framework/img/grid.png HTTP/1.1" 200 1458
WARNING 2024-10-03 12:58:15,252 basehttp "GET /favicon.ico HTTP/1.1" 404 11838
INFO 2024-10-03 14:54:46,791 autoreload Watching for file changes with StatReloader
INFO 2024-10-03 14:55:28,497 basehttp "GET / HTTP/1.1" 200 10719
INFO 2024-10-03 14:55:28,571 basehttp "GET /static/rest_framework/css/prettify.css HTTP/1.1" 200 817
INFO 2024-10-03 14:55:28,572 basehttp "GET /static/rest_framework/css/default.css HTTP/1.1" 200 1152
INFO 2024-10-03 14:55:28,573 basehttp "GET /static/rest_framework/css/bootstrap-tweaks.css HTTP/1.1" 200 3426
INFO 2024-10-03 14:55:28,583 basehttp "GET /static/rest_framework/css/bootstrap.min.css HTTP/1.1" 200 121457
INFO 2024-10-03 14:55:28,596 basehttp "GET /static/rest_framework/js/ajax-form.js HTTP/1.1" 200 3796
INFO 2024-10-03 14:55:28,611 basehttp "GET /static/rest_framework/js/csrf.js HTTP/1.1" 200 1793
INFO 2024-10-03 14:55:28,626 basehttp "GET /static/rest_framework/js/default.js HTTP/1.1" 200 1268
INFO 2024-10-03 14:55:28,628 basehttp "GET /static/rest_framework/js/prettify-min.js HTTP/1.1" 200 13632
INFO 2024-10-03 14:55:28,630 basehttp "GET /static/rest_framework/js/bootstrap.min.js HTTP/1.1" 200 39680
INFO 2024-10-03 14:55:28,637 basehttp "GET /static/rest_framework/js/jquery-3.7.1.min.js HTTP/1.1" 200 87533
INFO 2024-10-03 14:55:28,656 basehttp "GET /static/rest_framework/img/grid.png HTTP/1.1" 200 1458
INFO 2024-10-03 14:55:28,661 basehttp "GET /static/rest_framework/js/load-ajax-form.js HTTP/1.1" 200 59
WARNING 2024-10-03 14:55:28,804 basehttp "GET /favicon.ico HTTP/1.1" 404 11838
INFO 2024-10-03 15:15:51,077 autoreload Watching for file changes with StatReloader
INFO 2024-10-03 15:16:05,398 basehttp "GET / HTTP/1.1" 200 22604
INFO 2024-10-03 15:16:05,478 basehttp "GET /static/rest_framework/css/bootstrap-tweaks.css HTTP/1.1" 200 3426
INFO 2024-10-03 15:16:05,479 basehttp "GET /static/rest_framework/css/prettify.css HTTP/1.1" 200 817
INFO 2024-10-03 15:16:05,483 basehttp "GET /static/rest_framework/css/default.css HTTP/1.1" 200 1152
INFO 2024-10-03 15:16:05,499 basehttp "GET /static/debug_toolbar/css/toolbar.css HTTP/1.1" 200 16675
INFO 2024-10-03 15:16:05,509 basehttp "GET /static/rest_framework/js/csrf.js HTTP/1.1" 200 1793
INFO 2024-10-03 15:16:05,512 basehttp "GET /static/rest_framework/js/jquery-3.7.1.min.js HTTP/1.1" 200 87533
INFO 2024-10-03 15:16:05,514 basehttp "GET /static/rest_framework/js/ajax-form.js HTTP/1.1" 200 3796
INFO 2024-10-03 15:16:05,514 basehttp "GET /static/rest_framework/css/bootstrap.min.css HTTP/1.1" 200 121457
INFO 2024-10-03 15:16:05,518 basehttp "GET /static/rest_framework/js/bootstrap.min.js HTTP/1.1" 200 39680
INFO 2024-10-03 15:16:05,527 basehttp "GET /static/rest_framework/js/prettify-min.js HTTP/1.1" 200 13632
INFO 2024-10-03 15:16:05,529 basehttp "GET /static/rest_framework/js/default.js HTTP/1.1" 200 1268
INFO 2024-10-03 15:16:05,556 basehttp "GET /static/rest_framework/js/load-ajax-form.js HTTP/1.1" 200 59
INFO 2024-10-03 15:16:05,578 basehttp "GET /static/debug_toolbar/js/toolbar.js HTTP/1.1" 200 14601
INFO 2024-10-03 15:16:05,593 basehttp "GET /static/rest_framework/img/grid.png HTTP/1.1" 200 1458
INFO 2024-10-03 15:16:05,612 basehttp "GET /static/debug_toolbar/css/print.css HTTP/1.1" 200 43
INFO 2024-10-03 15:16:05,662 basehttp "GET /static/debug_toolbar/js/utils.js HTTP/1.1" 200 4742
WARNING 2024-10-03 15:16:06,132 basehttp "GET /favicon.ico HTTP/1.1" 404 23956
INFO 2024-10-03 15:16:17,257 basehttp "GET /__debug__/render_panel/?store_id=5915534f380d4d36bee826a5003d3933&panel_id=SettingsPanel HTTP/1.1" 200 32407
INFO 2024-10-03 15:16:22,005 basehttp "GET /router/accounts/ HTTP/1.1" 200 25882
INFO 2024-10-03 15:16:24,688 basehttp "GET /__debug__/render_panel/?store_id=f1a7a398b60b468d9c301f75b717e28e&panel_id=SQLPanel HTTP/1.1" 200 12002
INFO 2024-10-03 15:16:28,090 basehttp "POST /__debug__/sql_select/ HTTP/1.1" 200 854
INFO 2024-10-03 15:17:11,320 autoreload Watching for file changes with StatReloader
INFO 2024-10-03 15:17:22,792 basehttp "GET /data-browser HTTP/1.1" 301 0
INFO 2024-10-03 15:17:23,158 basehttp "GET /data-browser/ HTTP/1.1" 302 0
INFO 2024-10-03 15:17:23,792 basehttp "GET /admin/login/?next=/data-browser/ HTTP/1.1" 200 16079
INFO 2024-10-03 15:17:23,885 basehttp "GET /static/debug_toolbar/css/toolbar.css HTTP/1.1" 304 0
INFO 2024-10-03 15:17:23,889 basehttp "GET /static/admin/css/login.css HTTP/1.1" 200 958
INFO 2024-10-03 15:17:23,890 basehttp "GET /static/admin/css/dark_mode.css HTTP/1.1" 200 2682
INFO 2024-10-03 15:17:23,890 basehttp "GET /static/admin/css/nav_sidebar.css HTTP/1.1" 200 2810
INFO 2024-10-03 15:17:23,894 basehttp "GET /static/admin/css/base.css HTTP/1.1" 200 21544
INFO 2024-10-03 15:17:23,895 basehttp "GET /static/admin/css/responsive.css HTTP/1.1" 200 17905
INFO 2024-10-03 15:17:23,902 basehttp "GET /static/debug_toolbar/js/toolbar.js HTTP/1.1" 304 0
INFO 2024-10-03 15:17:23,906 basehttp "GET /static/debug_toolbar/css/print.css HTTP/1.1" 304 0
INFO 2024-10-03 15:17:23,931 basehttp "GET /static/admin/js/nav_sidebar.js HTTP/1.1" 200 3063
INFO 2024-10-03 15:17:23,931 basehttp "GET /static/admin/js/theme.js HTTP/1.1" 200 1943
INFO 2024-10-03 15:17:23,987 basehttp "GET /static/debug_toolbar/js/utils.js HTTP/1.1" 304 0
INFO 2024-10-03 15:18:00,500 basehttp "POST /admin/login/?next=/data-browser/ HTTP/1.1" 200 16253
INFO 2024-10-03 15:18:16,701 basehttp "POST /admin/login/?next=/data-browser/ HTTP/1.1" 200 16250
INFO 2024-10-03 15:18:35,736 basehttp "GET / HTTP/1.1" 200 22602
INFO 2024-10-03 15:18:42,704 basehttp "GET / HTTP/1.1" 200 22599
INFO 2024-10-03 15:18:46,103 basehttp "GET /__debug__/render_panel/?store_id=4671750fb0974769ae9b105c25cdb954&panel_id=TemplateTimings HTTP/1.1" 200 32
INFO 2024-10-03 15:18:55,423 basehttp "GET /__debug__/render_panel/?store_id=4671750fb0974769ae9b105c25cdb954&panel_id=VersionsPanel HTTP/1.1" 200 1754
INFO 2024-10-03 15:18:56,743 basehttp "GET /__debug__/render_panel/?store_id=4671750fb0974769ae9b105c25cdb954&panel_id=StaticFilesPanel HTTP/1.1" 200 143369
INFO 2024-10-03 15:18:59,583 basehttp "GET /__debug__/render_panel/?store_id=4671750fb0974769ae9b105c25cdb954&panel_id=RequestPanel HTTP/1.1" 200 956
INFO 2024-10-03 15:20:36,327 autoreload Watching for file changes with StatReloader
INFO 2024-10-03 15:21:07,006 basehttp "POST /admin/login/?next=/data-browser/ HTTP/1.1" 200 16257
INFO 2024-10-03 15:21:07,024 basehttp "GET /static/debug_toolbar/css/toolbar.css HTTP/1.1" 304 0
INFO 2024-10-03 15:21:07,028 basehttp "GET /static/debug_toolbar/js/toolbar.js HTTP/1.1" 304 0
INFO 2024-10-03 15:21:07,028 basehttp "GET /static/debug_toolbar/css/print.css HTTP/1.1" 304 0
INFO 2024-10-03 15:21:07,082 basehttp "GET /static/debug_toolbar/js/utils.js HTTP/1.1" 304 0
INFO 2024-10-03 15:21:21,036 basehttp "GET /__debug__/render_panel/?store_id=8e074329752c4b27aef7e21e5e3e6155&panel_id=SQLPanel HTTP/1.1" 200 18959
INFO 2024-10-03 15:21:24,542 basehttp "POST /__debug__/sql_select/ HTTP/1.1" 200 1428
INFO 2024-10-03 15:21:24,967 basehttp "POST /__debug__/sql_explain/ HTTP/1.1" 200 2483
INFO 2024-10-03 15:21:25,303 basehttp "POST /__debug__/sql_explain/ HTTP/1.1" 200 2483
INFO 2024-10-03 15:22:06,156 basehttp "GET /admin HTTP/1.1" 301 0
INFO 2024-10-03 15:22:06,425 basehttp "GET /admin/ HTTP/1.1" 302 0
INFO 2024-10-03 15:22:06,681 basehttp "GET /admin/login/?next=/admin/ HTTP/1.1" 200 16053
INFO 2024-10-03 15:22:33,440 basehttp "POST /admin/login/?next=/admin/ HTTP/1.1" 302 0
INFO 2024-10-03 15:22:35,284 basehttp "GET /admin/ HTTP/1.1" 200 29459
INFO 2024-10-03 15:22:35,370 basehttp "GET /static/admin/css/dashboard.css HTTP/1.1" 200 441
INFO 2024-10-03 15:22:35,371 basehttp "GET /static/admin/img/icon-viewlink.svg HTTP/1.1" 200 581
INFO 2024-10-03 15:22:35,371 basehttp "GET /static/admin/img/icon-addlink.svg HTTP/1.1" 200 331
INFO 2024-10-03 15:22:35,371 basehttp "GET /static/admin/img/icon-changelink.svg HTTP/1.1" 200 380
INFO 2024-10-03 15:22:41,339 basehttp "GET /__debug__/render_panel/?store_id=41f1285726e740f4af2d6f2bf1890714&panel_id=TemplateTimings HTTP/1.1" 200 32
INFO 2024-10-03 15:22:53,258 basehttp "GET /admin/ HTTP/1.1" 200 29459
INFO 2024-10-03 15:22:53,280 basehttp "GET /static/debug_toolbar/css/toolbar.css HTTP/1.1" 304 0
INFO 2024-10-03 15:22:53,280 basehttp "GET /static/debug_toolbar/js/toolbar.js HTTP/1.1" 304 0
INFO 2024-10-03 15:22:53,291 basehttp "GET /static/debug_toolbar/css/print.css HTTP/1.1" 304 0
INFO 2024-10-03 15:22:53,344 basehttp "GET /static/debug_toolbar/js/utils.js HTTP/1.1" 304 0
INFO 2024-10-03 15:23:00,260 basehttp "GET /data-browser HTTP/1.1" 301 0
INFO 2024-10-03 15:23:01,997 basehttp "GET /data-browser/ HTTP/1.1" 200 128308
INFO 2024-10-03 15:23:03,292 basehttp "GET /data-browser/static/css/main.c698af7a.css HTTP/1.1" 200 7820
INFO 2024-10-03 15:23:03,316 basehttp "GET /data-browser/static/js/main.c4ca9cb3.js HTTP/1.1" 200 330039
INFO 2024-10-03 15:23:04,804 basehttp "GET /data-browser/favicon-32x32.png HTTP/1.1" 200 648
INFO 2024-10-03 15:23:05,665 basehttp "GET /data-browser/api/views/ HTTP/1.1" 200 27
INFO 2024-10-03 15:23:05,910 basehttp "GET /__debug__/history_sidebar/?store_id=8d6b59c20ab643ebb2cd3b5411e33e4d HTTP/1.1" 200 8387
INFO 2024-10-03 15:23:13,017 basehttp "GET /data-browser/query/finances.Account/.query?&limit=1000 HTTP/1.1" 200 73
INFO 2024-10-03 15:23:13,207 basehttp "GET /__debug__/history_sidebar/?store_id=0c0efb1788ca44eeb14993fd8ab1db0a HTTP/1.1" 200 8363
INFO 2024-10-03 15:23:14,630 basehttp "GET /data-browser/query/finances.Account/.json?&limit=1000 HTTP/1.1" 200 122
INFO 2024-10-03 15:23:14,870 basehttp "GET /__debug__/history_sidebar/?store_id=3cff8d8a85fe409f9b3f014b55c80e55 HTTP/1.1" 200 8418
INFO 2024-10-03 15:23:19,235 basehttp "GET /data-browser/query/finances.Account/.sql?&limit=1000 HTTP/1.1" 200 33
INFO 2024-10-03 15:23:26,772 basehttp "GET /data-browser/query/finances.Account/active.json?&limit=1000 HTTP/1.1" 200 215
INFO 2024-10-03 15:23:26,971 basehttp "GET /__debug__/history_sidebar/?store_id=9156810b0f8e47eeb1ea90c0687af121 HTTP/1.1" 200 8423
INFO 2024-10-03 15:23:32,927 basehttp "GET / HTTP/1.1" 200 22641
INFO 2024-10-03 15:23:32,945 basehttp "GET /static/debug_toolbar/css/toolbar.css HTTP/1.1" 304 0
INFO 2024-10-03 15:23:32,957 basehttp "GET /static/debug_toolbar/css/print.css HTTP/1.1" 304 0
INFO 2024-10-03 15:23:37,872 basehttp "GET /router/accounts/ HTTP/1.1" 200 25919
INFO 2024-10-03 15:23:45,894 basehttp "POST /router/accounts/ HTTP/1.1" 201 26036
INFO 2024-10-03 15:23:50,477 basehttp "POST /router/accounts/ HTTP/1.1" 201 26019
INFO 2024-10-03 15:23:59,468 basehttp "POST /router/accounts/ HTTP/1.1" 201 26008
INFO 2024-10-03 15:24:03,554 basehttp "GET /data-browser/query/finances.Account/active.html?&limit=1000 HTTP/1.1" 200 128318
INFO 2024-10-03 15:24:04,816 basehttp "GET /data-browser/query/finances.Account/static/js/main.c4ca9cb3.js HTTP/1.1" 301 0
INFO 2024-10-03 15:24:04,816 basehttp "GET /data-browser/query/finances.Account/static/css/main.c698af7a.css HTTP/1.1" 301 0
INFO 2024-10-03 15:24:06,498 basehttp "GET /data-browser/query/finances.Account/active.query?&limit=1000 HTTP/1.1" 200 166
INFO 2024-10-03 15:24:06,737 basehttp "GET /__debug__/history_sidebar/?store_id=a5bd7dc106404f5c95b071360388de7f HTTP/1.1" 200 8369
INFO 2024-10-03 15:24:08,296 basehttp "GET /data-browser/query/finances.Account/active.json?&limit=1000 HTTP/1.1" 200 291
INFO 2024-10-03 15:24:08,532 basehttp "GET /__debug__/history_sidebar/?store_id=ed26ef9707a746399ae2b7ed26145753 HTTP/1.1" 200 8367
INFO 2024-10-03 15:24:13,763 basehttp "GET /data-browser/query/finances.Account/.json?&limit=1000 HTTP/1.1" 200 122
INFO 2024-10-03 15:24:13,958 basehttp "GET /__debug__/history_sidebar/?store_id=da6f2d8993e44a479fdd2ddb7104ef65 HTTP/1.1" 200 8362
INFO 2024-10-03 15:24:15,510 basehttp "GET /data-browser/query/finances.Account/active.json?&limit=1000 HTTP/1.1" 200 291
INFO 2024-10-03 15:24:15,753 basehttp "GET /__debug__/history_sidebar/?store_id=51ee7052fbfd4635bc5db5554d8b2e32 HTTP/1.1" 200 8368
INFO 2024-10-03 15:24:17,938 basehttp "GET /data-browser/query/finances.Account/active,initial_balance.json?&limit=1000 HTTP/1.1" 200 600
INFO 2024-10-03 15:24:18,139 basehttp "GET /__debug__/history_sidebar/?store_id=41ce227a588c4172a836e1fe02406010 HTTP/1.1" 200 8383
INFO 2024-10-03 15:24:20,206 basehttp "GET /data-browser/query/finances.Account/active,initial_balance,name.json?&limit=1000 HTTP/1.1" 200 805
INFO 2024-10-03 15:24:20,406 basehttp "GET /__debug__/history_sidebar/?store_id=1157ede575cc442382962c306492a521 HTTP/1.1" 200 8389
INFO 2024-10-03 15:24:29,291 basehttp "GET /data-browser/query/finances.Account/active,initial_balance,name.json?&limit=1000 HTTP/1.1" 200 805
INFO 2024-10-03 15:24:38,285 basehttp "POST /data-browser/api/views/ HTTP/1.1" 200 416
INFO 2024-10-03 15:24:38,486 basehttp "GET /__debug__/history_sidebar/?store_id=61055d0b34a741dcbdceb84c15907fed HTTP/1.1" 200 8332
INFO 2024-10-03 15:24:39,530 basehttp "GET /data-browser/query/finances.Account/active,initial_balance,name.json?&limit=1000 HTTP/1.1" 200 805
INFO 2024-10-03 15:24:40,284 basehttp "GET /data-browser/api/views/H4qeZueo18DP/ HTTP/1.1" 200 416
INFO 2024-10-03 15:24:40,816 basehttp "GET /__debug__/history_sidebar/?store_id=5397d84c8407417ab230cce96a529725 HTTP/1.1" 200 8347
INFO 2024-10-03 15:24:42,235 basehttp "GET /data-browser/query/finances.Account/active,initial_balance.query?&limit=1000 HTTP/1.1" 200 270
INFO 2024-10-03 15:24:42,424 basehttp "GET /__debug__/history_sidebar/?store_id=107131d6424c40648992dc0586bfc9da HTTP/1.1" 200 8385
INFO 2024-10-03 15:24:44,029 basehttp "GET /data-browser/query/finances.Account/active,initial_balance.json?&limit=1000 HTTP/1.1" 200 600
INFO 2024-10-03 15:24:44,285 basehttp "GET /__debug__/history_sidebar/?store_id=91c77596b68044cd80cbf18229ca6bd2 HTTP/1.1" 200 8383
INFO 2024-10-03 15:24:46,417 basehttp "GET /data-browser/api/views/ HTTP/1.1" 200 443
INFO 2024-10-03 15:24:46,650 basehttp "GET /__debug__/history_sidebar/?store_id=a20cfac2092146cfadaf0763492cf5fb HTTP/1.1" 200 8333
INFO 2024-10-03 15:24:48,184 basehttp "GET /data-browser/query/auth.User/.query?&limit=1000 HTTP/1.1" 200 66
INFO 2024-10-03 15:24:48,373 basehttp "GET /__debug__/history_sidebar/?store_id=d31a6abb56ad4a65929f5b8eef1450db HTTP/1.1" 200 8356
INFO 2024-10-03 15:24:49,751 basehttp "GET /data-browser/query/auth.User/.json?&limit=1000 HTTP/1.1" 200 115
INFO 2024-10-03 15:24:49,993 basehttp "GET /__debug__/history_sidebar/?store_id=c2640858ef2447d389825b026c845ba4 HTTP/1.1" 200 8355
INFO 2024-10-03 15:24:51,809 basehttp "GET /data-browser/query/auth.User/email.json?&limit=1000 HTTP/1.1" 200 312
INFO 2024-10-03 15:24:52,064 basehttp "GET /__debug__/history_sidebar/?store_id=e4110712a5044e75b9704f0f3f5a3907 HTTP/1.1" 200 8360
INFO 2024-10-03 15:24:59,982 basehttp "GET /__debug__/render_panel/?store_id=52a10d953ac34356bf5773d034920f7b&panel_id=SQLPanel HTTP/1.1" 200 24806
INFO 2024-10-03 15:25:03,711 basehttp "POST /__debug__/sql_explain/ HTTP/1.1" 200 2387
INFO 2024-10-03 15:25:04,357 basehttp "POST /__debug__/sql_select/ HTTP/1.1" 200 2789
INFO 2024-10-03 15:25:04,723 basehttp "POST /__debug__/sql_explain/ HTTP/1.1" 200 2275
INFO 2024-10-03 15:25:06,622 basehttp "GET /data-browser/favicon-32x32.png HTTP/1.1" 304 0
INFO 2024-10-03 15:25:06,837 basehttp "GET /data-browser/query/auth.User/.json?&limit=1000 HTTP/1.1" 200 115
INFO 2024-10-03 15:25:07,027 basehttp "GET /__debug__/history_sidebar/?store_id=bb8203293dca4d4eb95433b843241991 HTTP/1.1" 200 8355
INFO 2024-10-03 15:25:07,968 basehttp "GET /admin/ HTTP/1.1" 200 29459
INFO 2024-10-03 15:25:09,163 basehttp "GET /data-browser/api/views/ HTTP/1.1" 200 443
INFO 2024-10-03 15:25:18,022 basehttp "GET /__debug__/render_panel/?store_id=119e414c4c7b48ea9d29fea77bf26f9f&panel_id=TimerPanel HTTP/1.1" 200 1382
INFO 2024-10-03 15:25:18,039 basehttp "GET /static/debug_toolbar/js/timer.js HTTP/1.1" 200 3686
INFO 2024-10-03 15:25:46,936 basehttp "GET /swagger HTTP/1.1" 301 0
INFO 2024-10-03 15:25:48,487 basehttp "GET /swagger/ HTTP/1.1" 200 14297
INFO 2024-10-03 15:25:48,522 basehttp "GET /static/drf-yasg/style.css HTTP/1.1" 200 1047
INFO 2024-10-03 15:25:48,541 basehttp "GET /static/drf-yasg/swagger-ui-dist/swagger-ui.css HTTP/1.1" 200 145206
INFO 2024-10-03 15:25:48,548 basehttp "GET /static/drf-yasg/insQ.min.js HTTP/1.1" 200 2093
INFO 2024-10-03 15:25:48,556 basehttp "GET /static/debug_toolbar/css/toolbar.css HTTP/1.1" 304 0
INFO 2024-10-03 15:25:48,575 basehttp "GET /static/drf-yasg/immutable.min.js HTTP/1.1" 200 56904
INFO 2024-10-03 15:25:48,588 basehttp "GET /static/drf-yasg/swagger-ui-init.js HTTP/1.1" 200 14964
INFO 2024-10-03 15:25:48,595 basehttp "GET /static/debug_toolbar/js/toolbar.js HTTP/1.1" 304 0
INFO 2024-10-03 15:25:48,639 basehttp "GET /static/drf-yasg/swagger-ui-dist/swagger-ui-bundle.js HTTP/1.1" 200 1046583
INFO 2024-10-03 15:25:48,644 basehttp "GET /static/drf-yasg/swagger-ui-dist/swagger-ui-standalone-preset.js HTTP/1.1" 200 322863
INFO 2024-10-03 15:25:48,731 basehttp "GET /static/debug_toolbar/js/utils.js HTTP/1.1" 304 0
INFO 2024-10-03 15:25:48,731 basehttp "GET /static/debug_toolbar/css/print.css HTTP/1.1" 304 0
INFO 2024-10-03 15:25:48,815 basehttp "GET /static/drf-yasg/swagger-ui-dist/favicon-32x32.png HTTP/1.1" 200 628
INFO 2024-10-03 15:25:50,377 basehttp "GET /swagger/?format=openapi HTTP/1.1" 200 36037
INFO 2024-10-03 15:25:50,607 basehttp "GET /__debug__/history_sidebar/?store_id=e81bbc9f657e4e6caa903811f1845eaa HTTP/1.1" 200 8333
